Starting a Gradle Daemon, 2 stopped Daemons could not be reused, use --status for details
> Task :compileJava UP-TO-DATE
> Task :processResources UP-TO-DATE
> Task :classes UP-TO-DATE
> Task :resolveMainClassName UP-TO-DATE

> Task :bootRun

  .   ____          _            __ _ _
 /\\ / ___'_ __ _ _(_)_ __  __ _ \ \ \ \
( ( )\___ | '_ | '_| | '_ \/ _` | \ \ \ \
 \\/  ___)| |_)| | | | | || (_| |  ) ) ) )
  '  |____| .__|_| |_|_| |_\__, | / / / /
 =========|_|==============|___/=/_/_/_/

 :: Spring Boot ::                (v3.4.1)

2025-11-23T21:58:50.331+05:30  INFO 14951 --- [rent_read] [  restartedMain] com.crio.rent_read.RentReadApplication   : Starting RentReadApplication using Java 17.0.7 with PID 14951 (/tmp/gradle_builds/rent_read/rent_read/classes/java/main started by crio-user in /home/crio-user/workspace/akashguna99-ME_BUILDOUT_RENTREAD)
2025-11-23T21:58:50.338+05:30  INFO 14951 --- [rent_read] [  restartedMain] com.crio.rent_read.RentReadApplication   : No active profile set, falling back to 1 default profile: "default"
2025-11-23T21:58:50.471+05:30  INFO 14951 --- [rent_read] [  restartedMain] .e.DevToolsPropertyDefaultsPostProcessor : Devtools property defaults active! Set 'spring.devtools.add-properties' to 'false' to disable
2025-11-23T21:58:50.473+05:30  INFO 14951 --- [rent_read] [  restartedMain] .e.DevToolsPropertyDefaultsPostProcessor : For additional web related logging consider setting the 'logging.level.web' property to 'DEBUG'
2025-11-23T21:58:51.694+05:30  INFO 14951 --- [rent_read] [  restartedMain] .s.d.r.c.RepositoryConfigurationDelegate : Bootstrapping Spring Data JPA repositories in DEFAULT mode.
2025-11-23T21:58:51.781+05:30  INFO 14951 --- [rent_read] [  restartedMain] .s.d.r.c.RepositoryConfigurationDelegate : Finished Spring Data repository scanning in 72 ms. Found 3 JPA repository interfaces.
2025-11-23T21:58:52.733+05:30  INFO 14951 --- [rent_read] [  restartedMain] o.s.b.w.embedded.tomcat.TomcatWebServer  : Tomcat initialized with port 8081 (http)
2025-11-23T21:58:52.751+05:30  INFO 14951 --- [rent_read] [  restartedMain] o.apache.catalina.core.StandardService   : Starting service [Tomcat]
2025-11-23T21:58:52.752+05:30  INFO 14951 --- [rent_read] [  restartedMain] o.apache.catalina.core.StandardEngine    : Starting Servlet engine: [Apache Tomcat/10.1.34]
2025-11-23T21:58:52.804+05:30  INFO 14951 --- [rent_read] [  restartedMain] o.a.c.c.C.[Tomcat].[localhost].[/]       : Initializing Spring embedded WebApplicationContext
2025-11-23T21:58:52.810+05:30  INFO 14951 --- [rent_read] [  restartedMain] w.s.c.ServletWebServerApplicationContext : Root WebApplicationContext: initialization completed in 2331 ms
2025-11-23T21:58:53.083+05:30  INFO 14951 --- [rent_read] [  restartedMain] o.hibernate.jpa.internal.util.LogHelper  : HHH000204: Processing PersistenceUnitInfo [name: default]
2025-11-23T21:58:53.141+05:30  INFO 14951 --- [rent_read] [  restartedMain] org.hibernate.Version                    : HHH000412: Hibernate ORM core version 6.6.4.Final
2025-11-23T21:58:53.189+05:30  INFO 14951 --- [rent_read] [  restartedMain] o.h.c.internal.RegionFactoryInitiator    : HHH000026: Second-level cache disabled
2025-11-23T21:58:53.535+05:30  INFO 14951 --- [rent_read] [  restartedMain] o.s.o.j.p.SpringPersistenceUnitInfo      : No LoadTimeWeaver setup: ignoring JPA class transformer
2025-11-23T21:58:53.577+05:30  INFO 14951 --- [rent_read] [  restartedMain] com.zaxxer.hikari.HikariDataSource       : HikariPool-1 - Starting...
2025-11-23T21:58:54.056+05:30  INFO 14951 --- [rent_read] [  restartedMain] com.zaxxer.hikari.pool.HikariPool        : HikariPool-1 - Added connection com.mysql.cj.jdbc.ConnectionImpl@1148b29a
2025-11-23T21:58:54.059+05:30  INFO 14951 --- [rent_read] [  restartedMain] com.zaxxer.hikari.HikariDataSource       : HikariPool-1 - Start completed.
2025-11-23T21:58:54.134+05:30  WARN 14951 --- [rent_read] [  restartedMain] org.hibernate.dialect.Dialect            : HHH000511: The 5.7.42 version for [org.hibernate.dialect.MySQLDialect] is no longer supported, hence certain features may not work properly. The minimum supported version is 8.0.0. Check the community dialects project for available legacy versions.
2025-11-23T21:58:54.166+05:30  INFO 14951 --- [rent_read] [  restartedMain] org.hibernate.orm.connections.pooling    : HHH10001005: Database info:
	Database JDBC URL [Connecting through datasource 'HikariDataSource (HikariPool-1)']
	Database driver: undefined/unknown
	Database version: 5.7.42
	Autocommit mode: undefined/unknown
	Isolation level: undefined/unknown
	Minimum pool size: undefined/unknown
	Maximum pool size: undefined/unknown
2025-11-23T21:58:55.507+05:30  INFO 14951 --- [rent_read] [  restartedMain] o.h.e.t.j.p.i.JtaPlatformInitiator       : HHH000489: No JTA platform available (set 'hibernate.transaction.jta.platform' to enable JTA platform integration)
2025-11-23T21:58:55.591+05:30  INFO 14951 --- [rent_read] [  restartedMain] j.LocalContainerEntityManagerFactoryBean : Initialized JPA EntityManagerFactory for persistence unit 'default'
2025-11-23T21:58:56.082+05:30  INFO 14951 --- [rent_read] [  restartedMain] r$InitializeUserDetailsManagerConfigurer : Global AuthenticationManager configured with UserDetailsService bean with name customUserDetailsService
2025-11-23T21:58:56.298+05:30  WARN 14951 --- [rent_read] [  restartedMain] JpaBaseConfiguration$JpaWebConfiguration : spring.jpa.open-in-view is enabled by default. Therefore, database queries may be performed during view rendering. Explicitly configure spring.jpa.open-in-view to disable this warning
2025-11-23T21:58:57.235+05:30  INFO 14951 --- [rent_read] [  restartedMain] o.s.b.d.a.OptionalLiveReloadServer       : LiveReload server is running on port 35729
2025-11-23T21:58:57.279+05:30  INFO 14951 --- [rent_read] [  restartedMain] o.s.b.w.embedded.tomcat.TomcatWebServer  : Tomcat started on port 8081 (http) with context path '/'
2025-11-23T21:58:57.299+05:30  INFO 14951 --- [rent_read] [  restartedMain] com.crio.rent_read.RentReadApplication   : Started RentReadApplication in 7.66 seconds (process running for 8.394)
2025-11-23T21:58:58.546+05:30  INFO 14951 --- [rent_read] [nio-8081-exec-1] o.a.c.c.C.[Tomcat].[localhost].[/]       : Initializing Spring DispatcherServlet 'dispatcherServlet'
2025-11-23T21:58:58.547+05:30  INFO 14951 --- [rent_read] [nio-8081-exec-1] o.s.web.servlet.DispatcherServlet        : Initializing Servlet 'dispatcherServlet'
2025-11-23T21:58:58.550+05:30  INFO 14951 --- [rent_read] [nio-8081-exec-1] o.s.web.servlet.DispatcherServlet        : Completed initialization in 3 ms
2025-11-23T21:58:59.169+05:30  INFO 14951 --- [rent_read] [nio-8081-exec-1] c.c.rent_read.controller.AuthController  : Registered user: admin.test.1763915338452@example.com
2025-11-23T21:58:59.729+05:30  INFO 14951 --- [rent_read] [nio-8081-exec-5] c.c.rent_read.controller.AuthController  : Registered user: user.test.1763915339578@example.com
2025-11-23T21:59:02.129+05:30  WARN 14951 --- [rent_read] [nio-8081-exec-7] .m.m.a.ExceptionHandlerExceptionResolver : Resolved [org.springframework.security.authorization.AuthorizationDeniedException: Access Denied]
2025-11-23T21:59:02.268+05:30  WARN 14951 --- [rent_read] [nio-8081-exec-9] .m.m.a.ExceptionHandlerExceptionResolver : Resolved [org.springframework.security.authorization.AuthorizationDeniedException: Access Denied]
2025-11-23T21:59:02.408+05:30  WARN 14951 --- [rent_read] [nio-8081-exec-3] .m.m.a.ExceptionHandlerExceptionResolver : Resolved [org.springframework.security.authorization.AuthorizationDeniedException: Access Denied]
2025-11-23T21:59:02.896+05:30  WARN 14951 --- [rent_read] [nio-8081-exec-7] c.crio.rent_read.service.RentalService   : User user.test.1763915339578@example.com tried to exceed rental limit
2025-11-23T21:59:02.901+05:30  WARN 14951 --- [rent_read] [nio-8081-exec-7] .m.m.a.ExceptionHandlerExceptionResolver : Resolved [java.lang.IllegalStateException: User has already reached maximum book rental limit!]
